<?xml version="1.0" encoding="UTF-8"?>
<testng-results skipped="0" failed="0" ignored="0" total="2" passed="2">
  <reporter-output>
  </reporter-output>
  <suite name="Suite" duration-ms="34594" started-at="2023-09-08T11:34:27 IST" finished-at="2023-09-08T11:35:02 IST">
    <groups>
    </groups>
    <test name="Artus test" duration-ms="34594" started-at="2023-09-08T11:34:27 IST" finished-at="2023-09-08T11:35:02 IST">
      <class name="testngrunner.praticetestngtitle">
        <test-method status="PASS" signature="beforetestmethod()[pri:0, instance:testngrunner.praticetestngtitle@c46bcd4]" name="beforetestmethod" is-config="true" duration-ms="30867" started-at="2023-09-08T11:34:27 IST" finished-at="2023-09-08T11:34:58 IST">
          <reporter-output>
          </reporter-output>
        </test-method> <!-- beforetestmethod -->
        <test-method status="PASS" signature="Titletest()[pri:0, instance:testngrunner.praticetestngtitle@c46bcd4]" name="Titletest" duration-ms="3543" started-at="2023-09-08T11:34:58 IST" finished-at="2023-09-08T11:35:01 IST">
          <reporter-output>
          </reporter-output>
        </test-method> <!-- Titletest -->
        <test-method status="PASS" signature="aftertestmethod()[pri:0, instance:testngrunner.praticetestngtitle@c46bcd4]" name="aftertestmethod" is-config="true" duration-ms="126" started-at="2023-09-08T11:35:01 IST" finished-at="2023-09-08T11:35:02 IST">
          <reporter-output>
          </reporter-output>
        </test-method> <!-- aftertestmethod -->
      </class> <!-- testngrunner.praticetestngtitle -->
      <class name="testngrunner.testngpratice">
        <test-method status="PASS" signature="beforesuite()[pri:0, instance:testngrunner.testngpratice@42f93a98]" name="beforesuite" is-config="true" duration-ms="9" started-at="2023-09-08T11:34:27 IST" finished-at="2023-09-08T11:34:27 IST">
          <reporter-output>
          </reporter-output>
        </test-method> <!-- beforesuite -->
        <test-method status="PASS" signature="beforetest()[pri:0, instance:testngrunner.testngpratice@42f93a98]" name="beforetest" is-config="true" duration-ms="4" started-at="2023-09-08T11:34:58 IST" finished-at="2023-09-08T11:34:58 IST">
          <reporter-output>
          </reporter-output>
        </test-method> <!-- beforetest -->
        <test-method status="PASS" signature="beforemethod()[pri:0, instance:testngrunner.testngpratice@42f93a98]" name="beforemethod" is-config="true" duration-ms="0" started-at="2023-09-08T11:35:01 IST" finished-at="2023-09-08T11:35:01 IST">
          <reporter-output>
          </reporter-output>
        </test-method> <!-- beforemethod -->
        <test-method status="PASS" signature="testtitle()[pri:0, instance:testngrunner.testngpratice@42f93a98]" name="testtitle" duration-ms="2" started-at="2023-09-08T11:35:01 IST" finished-at="2023-09-08T11:35:01 IST">
          <reporter-output>
          </reporter-output>
        </test-method> <!-- testtitle -->
        <test-method status="PASS" signature="aftermethod()[pri:0, instance:testngrunner.testngpratice@42f93a98]" name="aftermethod" is-config="true" duration-ms="1" started-at="2023-09-08T11:35:01 IST" finished-at="2023-09-08T11:35:01 IST">
          <reporter-output>
          </reporter-output>
        </test-method> <!-- aftermethod -->
        <test-method status="PASS" signature="aftertest()[pri:0, instance:testngrunner.testngpratice@42f93a98]" name="aftertest" is-config="true" duration-ms="1" started-at="2023-09-08T11:35:02 IST" finished-at="2023-09-08T11:35:02 IST">
          <reporter-output>
          </reporter-output>
        </test-method> <!-- aftertest -->
        <test-method status="PASS" signature="aftersuite()[pri:0, instance:testngrunner.testngpratice@42f93a98]" name="aftersuite" is-config="true" duration-ms="1" started-at="2023-09-08T11:35:02 IST" finished-at="2023-09-08T11:35:02 IST">
          <reporter-output>
          </reporter-output>
        </test-method> <!-- aftersuite -->
      </class> <!-- testngrunner.testngpratice -->
    </test> <!-- Artus test -->
  </suite> <!-- Suite -->
</testng-results>
